0 info it worked if it ends with ok
1 verbose cli [ 'C:\\Program Files\\nodejs\\node.exe',
1 verbose cli   'C:\\Users\\Chanawatn Pound\\AppData\\Roaming\\npm\\node_modules\\npm\\bin\\npm-cli.js',
1 verbose cli   'install',
1 verbose cli   'bcrypt' ]
2 info using npm@3.9.2
3 info using node@v6.1.0
4 silly loadCurrentTree Starting
5 silly install loadCurrentTree
6 silly install readLocalPackageData
7 silly fetchPackageMetaData bcrypt
8 silly fetchNamedPackageData bcrypt
9 silly mapToRegistry name bcrypt
10 silly mapToRegistry using default registry
11 silly mapToRegistry registry https://registry.npmjs.org/
12 silly mapToRegistry data Result {
12 silly mapToRegistry   raw: 'bcrypt',
12 silly mapToRegistry   scope: null,
12 silly mapToRegistry   name: 'bcrypt',
12 silly mapToRegistry   rawSpec: '',
12 silly mapToRegistry   spec: 'latest',
12 silly mapToRegistry   type: 'tag' }
13 silly mapToRegistry uri https://registry.npmjs.org/bcrypt
14 verbose request uri https://registry.npmjs.org/bcrypt
15 verbose request no auth needed
16 info attempt registry request try #1 at 6:47:42 PM
17 verbose request id 5f2ffb045fc56983
18 verbose etag "A04SXZMPP6TAS3UL36OMDCLNL"
19 http request GET https://registry.npmjs.org/bcrypt
20 http 304 https://registry.npmjs.org/bcrypt
21 verbose headers { date: 'Tue, 31 May 2016 16:47:42 GMT',
21 verbose headers   via: '1.1 varnish',
21 verbose headers   'cache-control': 'max-age=300',
21 verbose headers   etag: '"A04SXZMPP6TAS3UL36OMDCLNL"',
21 verbose headers   age: '103',
21 verbose headers   connection: 'keep-alive',
21 verbose headers   'x-served-by': 'cache-ams4151-AMS',
21 verbose headers   'x-cache': 'HIT',
21 verbose headers   'x-cache-hits': '1',
21 verbose headers   'x-timer': 'S1464713262.893052,VS0,VE0',
21 verbose headers   vary: 'Accept-Encoding' }
22 silly get cb [ 304,
22 silly get   { date: 'Tue, 31 May 2016 16:47:42 GMT',
22 silly get     via: '1.1 varnish',
22 silly get     'cache-control': 'max-age=300',
22 silly get     etag: '"A04SXZMPP6TAS3UL36OMDCLNL"',
22 silly get     age: '103',
22 silly get     connection: 'keep-alive',
22 silly get     'x-served-by': 'cache-ams4151-AMS',
22 silly get     'x-cache': 'HIT',
22 silly get     'x-cache-hits': '1',
22 silly get     'x-timer': 'S1464713262.893052,VS0,VE0',
22 silly get     vary: 'Accept-Encoding' } ]
23 verbose etag https://registry.npmjs.org/bcrypt from cache
24 verbose get saving bcrypt to C:\Users\Chanawatn Pound\AppData\Roaming\npm-cache\registry.npmjs.org\bcrypt\.cache.json
25 verbose correctMkdir C:\Users\Chanawatn Pound\AppData\Roaming\npm-cache correctMkdir not in flight; initializing
26 silly install normalizeTree
27 silly loadCurrentTree Finishing
28 silly loadIdealTree Starting
29 silly install loadIdealTree
30 silly cloneCurrentTree Starting
31 silly install cloneCurrentTreeToIdealTree
32 silly cloneCurrentTree Finishing
33 silly loadShrinkwrap Starting
34 silly install loadShrinkwrap
35 silly loadShrinkwrap Finishing
36 silly loadAllDepsIntoIdealTree Starting
37 silly install loadAllDepsIntoIdealTree
38 silly resolveWithNewModule bcrypt@0.8.6 checking installable status
39 silly cache add args [ 'bcrypt', null ]
40 verbose cache add spec bcrypt
41 silly cache add parsed spec Result {
41 silly cache add   raw: 'bcrypt',
41 silly cache add   scope: null,
41 silly cache add   name: 'bcrypt',
41 silly cache add   rawSpec: '',
41 silly cache add   spec: 'latest',
41 silly cache add   type: 'tag' }
42 silly addNamed bcrypt@latest
43 verbose addNamed "latest" is being treated as a dist-tag for bcrypt
44 info addNameTag [ 'bcrypt', 'latest' ]
45 silly mapToRegistry name bcrypt
46 silly mapToRegistry using default registry
47 silly mapToRegistry registry https://registry.npmjs.org/
48 silly mapToRegistry data Result {
48 silly mapToRegistry   raw: 'bcrypt',
48 silly mapToRegistry   scope: null,
48 silly mapToRegistry   name: 'bcrypt',
48 silly mapToRegistry   rawSpec: '',
48 silly mapToRegistry   spec: 'latest',
48 silly mapToRegistry   type: 'tag' }
49 silly mapToRegistry uri https://registry.npmjs.org/bcrypt
50 verbose addNameTag registry:https://registry.npmjs.org/bcrypt not in flight; fetching
51 verbose get https://registry.npmjs.org/bcrypt not expired, no request
52 silly addNameTag next cb for bcrypt with tag latest
53 silly addNamed bcrypt@0.8.6
54 verbose addNamed "0.8.6" is a plain semver version for bcrypt
55 silly cache afterAdd bcrypt@0.8.6
56 verbose afterAdd C:\Users\Chanawatn Pound\AppData\Roaming\npm-cache\bcrypt\0.8.6\package\package.json not in flight; writing
57 verbose correctMkdir C:\Users\Chanawatn Pound\AppData\Roaming\npm-cache correctMkdir not in flight; initializing
58 verbose afterAdd C:\Users\Chanawatn Pound\AppData\Roaming\npm-cache\bcrypt\0.8.6\package\package.json written
59 silly fetchNamedPackageData bindings
60 silly mapToRegistry name bindings
61 silly mapToRegistry using default registry
62 silly mapToRegistry registry https://registry.npmjs.org/
63 silly mapToRegistry data Result {
63 silly mapToRegistry   raw: 'bindings',
63 silly mapToRegistry   scope: null,
63 silly mapToRegistry   name: 'bindings',
63 silly mapToRegistry   rawSpec: '',
63 silly mapToRegistry   spec: 'latest',
63 silly mapToRegistry   type: 'tag' }
64 silly mapToRegistry uri https://registry.npmjs.org/bindings
65 silly fetchNamedPackageData nan
66 silly mapToRegistry name nan
67 silly mapToRegistry using default registry
68 silly mapToRegistry registry https://registry.npmjs.org/
69 silly mapToRegistry data Result {
69 silly mapToRegistry   raw: 'nan',
69 silly mapToRegistry   scope: null,
69 silly mapToRegistry   name: 'nan',
69 silly mapToRegistry   rawSpec: '',
69 silly mapToRegistry   spec: 'latest',
69 silly mapToRegistry   type: 'tag' }
70 silly mapToRegistry uri https://registry.npmjs.org/nan
71 verbose request uri https://registry.npmjs.org/bindings
72 verbose request no auth needed
73 info attempt registry request try #1 at 6:47:42 PM
74 verbose etag "253W71VM8OY14XUCQXE1CJV6W"
75 http request GET https://registry.npmjs.org/bindings
76 verbose request uri https://registry.npmjs.org/nan
77 verbose request no auth needed
78 info attempt registry request try #1 at 6:47:42 PM
79 verbose etag "12RFHNMU7CS3WJ1892HQLM0NB"
80 http request GET https://registry.npmjs.org/nan
81 http 304 https://registry.npmjs.org/bindings
82 verbose headers { date: 'Tue, 31 May 2016 16:47:43 GMT',
82 verbose headers   via: '1.1 varnish',
82 verbose headers   'cache-control': 'max-age=300',
82 verbose headers   etag: '"253W71VM8OY14XUCQXE1CJV6W"',
82 verbose headers   age: '201',
82 verbose headers   connection: 'keep-alive',
82 verbose headers   'x-served-by': 'cache-ams4151-AMS',
82 verbose headers   'x-cache': 'HIT',
82 verbose headers   'x-cache-hits': '1',
82 verbose headers   'x-timer': 'S1464713263.033272,VS0,VE0',
82 verbose headers   vary: 'Accept-Encoding' }
83 silly get cb [ 304,
83 silly get   { date: 'Tue, 31 May 2016 16:47:43 GMT',
83 silly get     via: '1.1 varnish',
83 silly get     'cache-control': 'max-age=300',
83 silly get     etag: '"253W71VM8OY14XUCQXE1CJV6W"',
83 silly get     age: '201',
83 silly get     connection: 'keep-alive',
83 silly get     'x-served-by': 'cache-ams4151-AMS',
83 silly get     'x-cache': 'HIT',
83 silly get     'x-cache-hits': '1',
83 silly get     'x-timer': 'S1464713263.033272,VS0,VE0',
83 silly get     vary: 'Accept-Encoding' } ]
84 verbose etag https://registry.npmjs.org/bindings from cache
85 verbose get saving bindings to C:\Users\Chanawatn Pound\AppData\Roaming\npm-cache\registry.npmjs.org\bindings\.cache.json
86 verbose correctMkdir C:\Users\Chanawatn Pound\AppData\Roaming\npm-cache correctMkdir not in flight; initializing
87 silly resolveWithNewModule bindings@1.2.1 checking installable status
88 silly cache add args [ 'bindings@1.2.1', null ]
89 verbose cache add spec bindings@1.2.1
90 silly cache add parsed spec Result {
90 silly cache add   raw: 'bindings@1.2.1',
90 silly cache add   scope: null,
90 silly cache add   name: 'bindings',
90 silly cache add   rawSpec: '1.2.1',
90 silly cache add   spec: '1.2.1',
90 silly cache add   type: 'version' }
91 silly addNamed bindings@1.2.1
92 verbose addNamed "1.2.1" is a plain semver version for bindings
93 silly mapToRegistry name bindings
94 silly mapToRegistry using default registry
95 silly mapToRegistry registry https://registry.npmjs.org/
96 silly mapToRegistry data Result {
96 silly mapToRegistry   raw: 'bindings',
96 silly mapToRegistry   scope: null,
96 silly mapToRegistry   name: 'bindings',
96 silly mapToRegistry   rawSpec: '',
96 silly mapToRegistry   spec: 'latest',
96 silly mapToRegistry   type: 'tag' }
97 silly mapToRegistry uri https://registry.npmjs.org/bindings
98 verbose addNameVersion registry:https://registry.npmjs.org/bindings not in flight; fetching
99 verbose get https://registry.npmjs.org/bindings not expired, no request
100 silly cache afterAdd bindings@1.2.1
101 verbose afterAdd C:\Users\Chanawatn Pound\AppData\Roaming\npm-cache\bindings\1.2.1\package\package.json not in flight; writing
102 verbose correctMkdir C:\Users\Chanawatn Pound\AppData\Roaming\npm-cache correctMkdir not in flight; initializing
103 verbose afterAdd C:\Users\Chanawatn Pound\AppData\Roaming\npm-cache\bindings\1.2.1\package\package.json written
104 http 304 https://registry.npmjs.org/nan
105 verbose headers { date: 'Tue, 31 May 2016 16:47:43 GMT',
105 verbose headers   via: '1.1 varnish',
105 verbose headers   'cache-control': 'max-age=300',
105 verbose headers   etag: '"12RFHNMU7CS3WJ1892HQLM0NB"',
105 verbose headers   age: '48',
105 verbose headers   connection: 'keep-alive',
105 verbose headers   'x-served-by': 'cache-ams4125-AMS',
105 verbose headers   'x-cache': 'HIT',
105 verbose headers   'x-cache-hits': '2',
105 verbose headers   'x-timer': 'S1464713263.092121,VS0,VE0',
105 verbose headers   vary: 'Accept-Encoding' }
106 silly get cb [ 304,
106 silly get   { date: 'Tue, 31 May 2016 16:47:43 GMT',
106 silly get     via: '1.1 varnish',
106 silly get     'cache-control': 'max-age=300',
106 silly get     etag: '"12RFHNMU7CS3WJ1892HQLM0NB"',
106 silly get     age: '48',
106 silly get     connection: 'keep-alive',
106 silly get     'x-served-by': 'cache-ams4125-AMS',
106 silly get     'x-cache': 'HIT',
106 silly get     'x-cache-hits': '2',
106 silly get     'x-timer': 'S1464713263.092121,VS0,VE0',
106 silly get     vary: 'Accept-Encoding' } ]
107 verbose etag https://registry.npmjs.org/nan from cache
108 verbose get saving nan to C:\Users\Chanawatn Pound\AppData\Roaming\npm-cache\registry.npmjs.org\nan\.cache.json
109 verbose correctMkdir C:\Users\Chanawatn Pound\AppData\Roaming\npm-cache correctMkdir not in flight; initializing
110 silly resolveWithNewModule nan@2.2.1 checking installable status
111 silly cache add args [ 'nan@2.2.1', null ]
112 verbose cache add spec nan@2.2.1
113 silly cache add parsed spec Result {
113 silly cache add   raw: 'nan@2.2.1',
113 silly cache add   scope: null,
113 silly cache add   name: 'nan',
113 silly cache add   rawSpec: '2.2.1',
113 silly cache add   spec: '2.2.1',
113 silly cache add   type: 'version' }
114 silly addNamed nan@2.2.1
115 verbose addNamed "2.2.1" is a plain semver version for nan
116 silly mapToRegistry name nan
117 silly mapToRegistry using default registry
118 silly mapToRegistry registry https://registry.npmjs.org/
119 silly mapToRegistry data Result {
119 silly mapToRegistry   raw: 'nan',
119 silly mapToRegistry   scope: null,
119 silly mapToRegistry   name: 'nan',
119 silly mapToRegistry   rawSpec: '',
119 silly mapToRegistry   spec: 'latest',
119 silly mapToRegistry   type: 'tag' }
120 silly mapToRegistry uri https://registry.npmjs.org/nan
121 verbose addNameVersion registry:https://registry.npmjs.org/nan not in flight; fetching
122 verbose get https://registry.npmjs.org/nan not expired, no request
123 silly cache afterAdd nan@2.2.1
124 verbose afterAdd C:\Users\Chanawatn Pound\AppData\Roaming\npm-cache\nan\2.2.1\package\package.json not in flight; writing
125 verbose correctMkdir C:\Users\Chanawatn Pound\AppData\Roaming\npm-cache correctMkdir not in flight; initializing
126 verbose afterAdd C:\Users\Chanawatn Pound\AppData\Roaming\npm-cache\nan\2.2.1\package\package.json written
127 silly loadAllDepsIntoIdealTree Finishing
128 silly idealTree:prePrune MEAN-SEBA@1.0.0
128 silly idealTree:prePrune +-- accepts@1.2.13
128 silly idealTree:prePrune +-- angular-ui-router@0.3.0
128 silly idealTree:prePrune +-- angular@1.5.5
128 silly idealTree:prePrune +-- array-flatten@1.1.1
128 silly idealTree:prePrune +-- async@1.5.2
128 silly idealTree:prePrune +-- bcrypt@0.8.6
128 silly idealTree:prePrune +-- bindings@1.2.1
128 silly idealTree:prePrune +-- bluebird@2.10.2
128 silly idealTree:prePrune +-- body-parser@1.15.1
128 silly idealTree:prePrune | +-- http-errors@1.4.0
128 silly idealTree:prePrune | `-- qs@6.1.0
128 silly idealTree:prePrune +-- bson@0.4.23
128 silly idealTree:prePrune +-- bytes@2.3.0
128 silly idealTree:prePrune +-- content-disposition@0.5.1
128 silly idealTree:prePrune +-- content-type@1.0.2
128 silly idealTree:prePrune +-- cookie-signature@1.0.6
128 silly idealTree:prePrune +-- cookie@0.1.5
128 silly idealTree:prePrune +-- core-util-is@1.0.2
128 silly idealTree:prePrune +-- cors@2.7.1
128 silly idealTree:prePrune +-- debug@2.2.0
128 silly idealTree:prePrune +-- depd@1.1.0
128 silly idealTree:prePrune +-- destroy@1.0.4
128 silly idealTree:prePrune +-- ee-first@1.1.1
128 silly idealTree:prePrune +-- es6-promise@3.0.2
128 silly idealTree:prePrune +-- escape-html@1.0.3
128 silly idealTree:prePrune +-- etag@1.7.0
128 silly idealTree:prePrune +-- express@4.13.4
128 silly idealTree:prePrune +-- finalhandler@0.4.1
128 silly idealTree:prePrune +-- forwarded@0.1.0
128 silly idealTree:prePrune +-- fresh@0.3.0
128 silly idealTree:prePrune +-- hooks-fixed@1.1.0
128 silly idealTree:prePrune +-- http-errors@1.3.1
128 silly idealTree:prePrune +-- iconv-lite@0.4.13
128 silly idealTree:prePrune +-- inherits@2.0.1
128 silly idealTree:prePrune +-- ipaddr.js@1.0.5
128 silly idealTree:prePrune +-- isarray@0.0.1
128 silly idealTree:prePrune +-- kareem@1.0.1
128 silly idealTree:prePrune +-- media-typer@0.3.0
128 silly idealTree:prePrune +-- merge-descriptors@1.0.1
128 silly idealTree:prePrune +-- methods@1.1.2
128 silly idealTree:prePrune +-- mime-db@1.23.0
128 silly idealTree:prePrune +-- mime-types@2.1.11
128 silly idealTree:prePrune +-- mime@1.3.4
128 silly idealTree:prePrune +-- mongodb-core@1.3.18
128 silly idealTree:prePrune +-- mongodb@2.1.18
128 silly idealTree:prePrune +-- mongoose@4.4.19
128 silly idealTree:prePrune +-- mpath@0.2.1
128 silly idealTree:prePrune +-- mpromise@0.5.5
128 silly idealTree:prePrune +-- mquery@1.10.0
128 silly idealTree:prePrune | `-- sliced@0.0.5
128 silly idealTree:prePrune +-- ms@0.7.1
128 silly idealTree:prePrune +-- muri@1.1.0
128 silly idealTree:prePrune +-- nan@2.2.1
128 silly idealTree:prePrune +-- negotiator@0.5.3
128 silly idealTree:prePrune +-- on-finished@2.3.0
128 silly idealTree:prePrune +-- parseurl@1.3.1
128 silly idealTree:prePrune +-- path-to-regexp@0.1.7
128 silly idealTree:prePrune +-- proxy-addr@1.0.10
128 silly idealTree:prePrune +-- qs@4.0.0
128 silly idealTree:prePrune +-- range-parser@1.0.3
128 silly idealTree:prePrune +-- raw-body@2.1.6
128 silly idealTree:prePrune +-- readable-stream@1.0.31
128 silly idealTree:prePrune +-- regexp-clone@0.0.1
128 silly idealTree:prePrune +-- require_optional@1.0.0
128 silly idealTree:prePrune +-- resolve-from@2.0.0
128 silly idealTree:prePrune +-- semver@5.1.0
128 silly idealTree:prePrune +-- send@0.13.1
128 silly idealTree:prePrune +-- serve-static@1.10.2
128 silly idealTree:prePrune +-- sliced@1.0.1
128 silly idealTree:prePrune +-- statuses@1.2.1
128 silly idealTree:prePrune +-- string_decoder@0.10.31
128 silly idealTree:prePrune +-- type-is@1.6.13
128 silly idealTree:prePrune +-- unpipe@1.0.0
128 silly idealTree:prePrune +-- utils-merge@1.0.0
128 silly idealTree:prePrune `-- vary@1.0.1
129 silly loadIdealTree Finishing
130 silly currentTree MEAN-SEBA@1.0.0
130 silly currentTree +-- accepts@1.2.13
130 silly currentTree +-- angular-ui-router@0.3.0
130 silly currentTree +-- angular@1.5.5
130 silly currentTree +-- array-flatten@1.1.1
130 silly currentTree +-- async@1.5.2
130 silly currentTree +-- bluebird@2.10.2
130 silly currentTree +-- body-parser@1.15.1
130 silly currentTree | +-- http-errors@1.4.0
130 silly currentTree | `-- qs@6.1.0
130 silly currentTree +-- bson@0.4.23
130 silly currentTree +-- bytes@2.3.0
130 silly currentTree +-- content-disposition@0.5.1
130 silly currentTree +-- content-type@1.0.2
130 silly currentTree +-- cookie-signature@1.0.6
130 silly currentTree +-- cookie@0.1.5
130 silly currentTree +-- core-util-is@1.0.2
130 silly currentTree +-- cors@2.7.1
130 silly currentTree +-- debug@2.2.0
130 silly currentTree +-- depd@1.1.0
130 silly currentTree +-- destroy@1.0.4
130 silly currentTree +-- ee-first@1.1.1
130 silly currentTree +-- es6-promise@3.0.2
130 silly currentTree +-- escape-html@1.0.3
130 silly currentTree +-- etag@1.7.0
130 silly currentTree +-- express@4.13.4
130 silly currentTree +-- finalhandler@0.4.1
130 silly currentTree +-- forwarded@0.1.0
130 silly currentTree +-- fresh@0.3.0
130 silly currentTree +-- hooks-fixed@1.1.0
130 silly currentTree +-- http-errors@1.3.1
130 silly currentTree +-- iconv-lite@0.4.13
130 silly currentTree +-- inherits@2.0.1
130 silly currentTree +-- ipaddr.js@1.0.5
130 silly currentTree +-- isarray@0.0.1
130 silly currentTree +-- kareem@1.0.1
130 silly currentTree +-- media-typer@0.3.0
130 silly currentTree +-- merge-descriptors@1.0.1
130 silly currentTree +-- methods@1.1.2
130 silly currentTree +-- mime-db@1.23.0
130 silly currentTree +-- mime-types@2.1.11
130 silly currentTree +-- mime@1.3.4
130 silly currentTree +-- mongodb-core@1.3.18
130 silly currentTree +-- mongodb@2.1.18
130 silly currentTree +-- mongoose@4.4.19
130 silly currentTree +-- mpath@0.2.1
130 silly currentTree +-- mpromise@0.5.5
130 silly currentTree +-- mquery@1.10.0
130 silly currentTree | `-- sliced@0.0.5
130 silly currentTree +-- ms@0.7.1
130 silly currentTree +-- muri@1.1.0
130 silly currentTree +-- negotiator@0.5.3
130 silly currentTree +-- on-finished@2.3.0
130 silly currentTree +-- parseurl@1.3.1
130 silly currentTree +-- path-to-regexp@0.1.7
130 silly currentTree +-- proxy-addr@1.0.10
130 silly currentTree +-- qs@4.0.0
130 silly currentTree +-- range-parser@1.0.3
130 silly currentTree +-- raw-body@2.1.6
130 silly currentTree +-- readable-stream@1.0.31
130 silly currentTree +-- regexp-clone@0.0.1
130 silly currentTree +-- require_optional@1.0.0
130 silly currentTree +-- resolve-from@2.0.0
130 silly currentTree +-- semver@5.1.0
130 silly currentTree +-- send@0.13.1
130 silly currentTree +-- serve-static@1.10.2
130 silly currentTree +-- sliced@1.0.1
130 silly currentTree +-- statuses@1.2.1
130 silly currentTree +-- string_decoder@0.10.31
130 silly currentTree +-- type-is@1.6.13
130 silly currentTree +-- unpipe@1.0.0
130 silly currentTree +-- utils-merge@1.0.0
130 silly currentTree `-- vary@1.0.1
131 silly idealTree MEAN-SEBA@1.0.0
131 silly idealTree +-- accepts@1.2.13
131 silly idealTree +-- angular-ui-router@0.3.0
131 silly idealTree +-- angular@1.5.5
131 silly idealTree +-- array-flatten@1.1.1
131 silly idealTree +-- async@1.5.2
131 silly idealTree +-- bcrypt@0.8.6
131 silly idealTree +-- bindings@1.2.1
131 silly idealTree +-- bluebird@2.10.2
131 silly idealTree +-- body-parser@1.15.1
131 silly idealTree | +-- http-errors@1.4.0
131 silly idealTree | `-- qs@6.1.0
131 silly idealTree +-- bson@0.4.23
131 silly idealTree +-- bytes@2.3.0
131 silly idealTree +-- content-disposition@0.5.1
131 silly idealTree +-- content-type@1.0.2
131 silly idealTree +-- cookie-signature@1.0.6
131 silly idealTree +-- cookie@0.1.5
131 silly idealTree +-- core-util-is@1.0.2
131 silly idealTree +-- cors@2.7.1
131 silly idealTree +-- debug@2.2.0
131 silly idealTree +-- depd@1.1.0
131 silly idealTree +-- destroy@1.0.4
131 silly idealTree +-- ee-first@1.1.1
131 silly idealTree +-- es6-promise@3.0.2
131 silly idealTree +-- escape-html@1.0.3
131 silly idealTree +-- etag@1.7.0
131 silly idealTree +-- express@4.13.4
131 silly idealTree +-- finalhandler@0.4.1
131 silly idealTree +-- forwarded@0.1.0
131 silly idealTree +-- fresh@0.3.0
131 silly idealTree +-- hooks-fixed@1.1.0
131 silly idealTree +-- http-errors@1.3.1
131 silly idealTree +-- iconv-lite@0.4.13
131 silly idealTree +-- inherits@2.0.1
131 silly idealTree +-- ipaddr.js@1.0.5
131 silly idealTree +-- isarray@0.0.1
131 silly idealTree +-- kareem@1.0.1
131 silly idealTree +-- media-typer@0.3.0
131 silly idealTree +-- merge-descriptors@1.0.1
131 silly idealTree +-- methods@1.1.2
131 silly idealTree +-- mime-db@1.23.0
131 silly idealTree +-- mime-types@2.1.11
131 silly idealTree +-- mime@1.3.4
131 silly idealTree +-- mongodb-core@1.3.18
131 silly idealTree +-- mongodb@2.1.18
131 silly idealTree +-- mongoose@4.4.19
131 silly idealTree +-- mpath@0.2.1
131 silly idealTree +-- mpromise@0.5.5
131 silly idealTree +-- mquery@1.10.0
131 silly idealTree | `-- sliced@0.0.5
131 silly idealTree +-- ms@0.7.1
131 silly idealTree +-- muri@1.1.0
131 silly idealTree +-- nan@2.2.1
131 silly idealTree +-- negotiator@0.5.3
131 silly idealTree +-- on-finished@2.3.0
131 silly idealTree +-- parseurl@1.3.1
131 silly idealTree +-- path-to-regexp@0.1.7
131 silly idealTree +-- proxy-addr@1.0.10
131 silly idealTree +-- qs@4.0.0
131 silly idealTree +-- range-parser@1.0.3
131 silly idealTree +-- raw-body@2.1.6
131 silly idealTree +-- readable-stream@1.0.31
131 silly idealTree +-- regexp-clone@0.0.1
131 silly idealTree +-- require_optional@1.0.0
131 silly idealTree +-- resolve-from@2.0.0
131 silly idealTree +-- semver@5.1.0
131 silly idealTree +-- send@0.13.1
131 silly idealTree +-- serve-static@1.10.2
131 silly idealTree +-- sliced@1.0.1
131 silly idealTree +-- statuses@1.2.1
131 silly idealTree +-- string_decoder@0.10.31
131 silly idealTree +-- type-is@1.6.13
131 silly idealTree +-- unpipe@1.0.0
131 silly idealTree +-- utils-merge@1.0.0
131 silly idealTree `-- vary@1.0.1
132 silly generateActionsToTake Starting
133 silly install generateActionsToTake
134 silly generateActionsToTake Finishing
135 silly diffTrees action count 3
136 silly diffTrees add bindings@1.2.1
137 silly diffTrees add nan@2.2.1
138 silly diffTrees add bcrypt@0.8.6
139 silly decomposeActions action count 24
140 silly decomposeActions fetch bindings@1.2.1
141 silly decomposeActions extract bindings@1.2.1
142 silly decomposeActions test bindings@1.2.1
143 silly decomposeActions preinstall bindings@1.2.1
144 silly decomposeActions build bindings@1.2.1
145 silly decomposeActions install bindings@1.2.1
146 silly decomposeActions postinstall bindings@1.2.1
147 silly decomposeActions finalize bindings@1.2.1
148 silly decomposeActions fetch nan@2.2.1
149 silly decomposeActions extract nan@2.2.1
150 silly decomposeActions test nan@2.2.1
151 silly decomposeActions preinstall nan@2.2.1
152 silly decomposeActions build nan@2.2.1
153 silly decomposeActions install nan@2.2.1
154 silly decomposeActions postinstall nan@2.2.1
155 silly decomposeActions finalize nan@2.2.1
156 silly decomposeActions fetch bcrypt@0.8.6
157 silly decomposeActions extract bcrypt@0.8.6
158 silly decomposeActions test bcrypt@0.8.6
159 silly decomposeActions preinstall bcrypt@0.8.6
160 silly decomposeActions build bcrypt@0.8.6
161 silly decomposeActions install bcrypt@0.8.6
162 silly decomposeActions postinstall bcrypt@0.8.6
163 silly decomposeActions finalize bcrypt@0.8.6
164 silly executeActions Starting
165 silly install executeActions
166 silly doSerial global-install 0
167 silly doParallel fetch 3
168 verbose correctMkdir C:\Users\Chanawatn Pound\AppData\Roaming\npm-cache\_locks correctMkdir not in flight; initializing
169 verbose lock using C:\Users\Chanawatn Pound\AppData\Roaming\npm-cache\_locks\staging-5557f23f6605034f.lock for C:\Users\Chanawatn Pound\WebstormProjects\MEAN-SEBA2\node_modules\.staging
170 silly doParallel extract 3
171 silly extract bindings@1.2.1
172 silly extract nan@2.2.1
173 silly extract bcrypt@0.8.6
174 verbose unbuild node_modules\.staging\bindings-55f3e90b
175 verbose unbuild node_modules\.staging\nan-f85265b4
176 verbose unbuild node_modules\.staging\bcrypt-603a4476
177 silly gentlyRm C:\Users\Chanawatn Pound\WebstormProjects\MEAN-SEBA2\node_modules\.staging\bindings-55f3e90b is being purged from base C:\Users\Chanawatn Pound\WebstormProjects\MEAN-SEBA2
178 verbose gentlyRm don't care about contents; nuking C:\Users\Chanawatn Pound\WebstormProjects\MEAN-SEBA2\node_modules\.staging\bindings-55f3e90b
179 silly gentlyRm C:\Users\Chanawatn Pound\WebstormProjects\MEAN-SEBA2\node_modules\.staging\nan-f85265b4 is being purged from base C:\Users\Chanawatn Pound\WebstormProjects\MEAN-SEBA2
180 verbose gentlyRm don't care about contents; nuking C:\Users\Chanawatn Pound\WebstormProjects\MEAN-SEBA2\node_modules\.staging\nan-f85265b4
181 silly gentlyRm C:\Users\Chanawatn Pound\WebstormProjects\MEAN-SEBA2\node_modules\.staging\bcrypt-603a4476 is being purged from base C:\Users\Chanawatn Pound\WebstormProjects\MEAN-SEBA2
182 verbose gentlyRm don't care about contents; nuking C:\Users\Chanawatn Pound\WebstormProjects\MEAN-SEBA2\node_modules\.staging\bcrypt-603a4476
183 verbose tar unpack C:\Users\Chanawatn Pound\AppData\Roaming\npm-cache\bindings\1.2.1\package.tgz
184 verbose tar unpacking to C:\Users\Chanawatn Pound\WebstormProjects\MEAN-SEBA2\node_modules\.staging\bindings-55f3e90b
185 silly gentlyRm C:\Users\Chanawatn Pound\WebstormProjects\MEAN-SEBA2\node_modules\.staging\bindings-55f3e90b is being purged
186 verbose gentlyRm don't care about contents; nuking C:\Users\Chanawatn Pound\WebstormProjects\MEAN-SEBA2\node_modules\.staging\bindings-55f3e90b
187 verbose tar unpack C:\Users\Chanawatn Pound\AppData\Roaming\npm-cache\nan\2.2.1\package.tgz
188 verbose tar unpacking to C:\Users\Chanawatn Pound\WebstormProjects\MEAN-SEBA2\node_modules\.staging\nan-f85265b4
189 silly gentlyRm C:\Users\Chanawatn Pound\WebstormProjects\MEAN-SEBA2\node_modules\.staging\nan-f85265b4 is being purged
190 verbose gentlyRm don't care about contents; nuking C:\Users\Chanawatn Pound\WebstormProjects\MEAN-SEBA2\node_modules\.staging\nan-f85265b4
191 verbose tar unpack C:\Users\Chanawatn Pound\AppData\Roaming\npm-cache\bcrypt\0.8.6\package.tgz
192 verbose tar unpacking to C:\Users\Chanawatn Pound\WebstormProjects\MEAN-SEBA2\node_modules\.staging\bcrypt-603a4476
193 silly gentlyRm C:\Users\Chanawatn Pound\WebstormProjects\MEAN-SEBA2\node_modules\.staging\bcrypt-603a4476 is being purged
194 verbose gentlyRm don't care about contents; nuking C:\Users\Chanawatn Pound\WebstormProjects\MEAN-SEBA2\node_modules\.staging\bcrypt-603a4476
195 silly gunzTarPerm modes [ '777', '666' ]
196 silly gunzTarPerm modes [ '777', '666' ]
197 silly gunzTarPerm modes [ '777', '666' ]
198 silly gunzTarPerm extractEntry package.json
199 silly gunzTarPerm modified mode [ 'package.json', 420, 438 ]
200 silly gunzTarPerm extractEntry package.json
201 silly gunzTarPerm modified mode [ 'package.json', 436, 438 ]
202 silly gunzTarPerm extractEntry package.json
203 silly gunzTarPerm modified mode [ 'package.json', 420, 438 ]
204 silly gunzTarPerm extractEntry README.md
205 silly gunzTarPerm modified mode [ 'README.md', 420, 438 ]
206 silly gunzTarPerm extractEntry bindings.js
207 silly gunzTarPerm modified mode [ 'bindings.js', 420, 438 ]
208 silly gunzTarPerm extractEntry include_dirs.js
209 silly gunzTarPerm modified mode [ 'include_dirs.js', 436, 438 ]
210 silly gunzTarPerm extractEntry nan_converters.h
211 silly gunzTarPerm modified mode [ 'nan_converters.h', 436, 438 ]
212 silly gunzTarPerm extractEntry .npmignore
213 silly gunzTarPerm modified mode [ '.npmignore', 420, 438 ]
214 silly gunzTarPerm extractEntry README.md
215 silly gunzTarPerm modified mode [ 'README.md', 420, 438 ]
216 silly gunzTarPerm extractEntry LICENSE.md
217 silly gunzTarPerm modified mode [ 'LICENSE.md', 436, 438 ]
218 silly gunzTarPerm extractEntry .dntrc
219 silly gunzTarPerm modified mode [ '.dntrc', 436, 438 ]
220 silly gunzTarPerm extractEntry LICENSE
221 silly gunzTarPerm modified mode [ 'LICENSE', 420, 438 ]
222 silly gunzTarPerm extractEntry bcrypt.js
223 silly gunzTarPerm modified mode [ 'bcrypt.js', 420, 438 ]
224 silly gunzTarPerm extractEntry Makefile
225 silly gunzTarPerm modified mode [ 'Makefile', 420, 438 ]
226 silly gunzTarPerm extractEntry .travis.yml
227 silly gunzTarPerm modified mode [ '.travis.yml', 420, 438 ]
228 silly gunzTarPerm extractEntry CHANGELOG.md
229 silly gunzTarPerm modified mode [ 'CHANGELOG.md', 420, 438 ]
230 silly gunzTarPerm extractEntry binding.gyp
231 silly gunzTarPerm modified mode [ 'binding.gyp', 420, 438 ]
232 silly gunzTarPerm extractEntry examples/async_compare.js
233 silly gunzTarPerm modified mode [ 'examples/async_compare.js', 420, 438 ]
234 silly gunzTarPerm extractEntry examples/forever_gen_salt.js
235 silly gunzTarPerm modified mode [ 'examples/forever_gen_salt.js', 420, 438 ]
236 silly gunzTarPerm extractEntry test/async.js
237 silly gunzTarPerm modified mode [ 'test/async.js', 420, 438 ]
238 silly gunzTarPerm extractEntry test/repetitions.js
239 silly gunzTarPerm modified mode [ 'test/repetitions.js', 420, 438 ]
240 silly gunzTarPerm extractEntry test/sync.js
241 silly gunzTarPerm modified mode [ 'test/sync.js', 420, 438 ]
242 silly gunzTarPerm extractEntry src/bcrypt.cc
243 silly gunzTarPerm modified mode [ 'src/bcrypt.cc', 420, 438 ]
244 silly gunzTarPerm extractEntry src/bcrypt_node.cc
245 silly gunzTarPerm modified mode [ 'src/bcrypt_node.cc', 420, 438 ]
246 silly gunzTarPerm extractEntry src/blowfish.cc
247 silly gunzTarPerm modified mode [ 'src/blowfish.cc', 420, 438 ]
248 silly gunzTarPerm extractEntry src/node_blf.h
249 silly gunzTarPerm modified mode [ 'src/node_blf.h', 420, 438 ]
250 silly gunzTarPerm extractEntry werker.yml
251 silly gunzTarPerm modified mode [ 'werker.yml', 420, 438 ]
252 silly gunzTarPerm extractEntry appveyor.yml
253 silly gunzTarPerm modified mode [ 'appveyor.yml', 436, 438 ]
254 silly gunzTarPerm extractEntry doc/new.md
255 silly gunzTarPerm modified mode [ 'doc/new.md', 436, 438 ]
256 silly gunzTarPerm extractEntry doc/.build.sh
257 silly gunzTarPerm modified mode [ 'doc/.build.sh', 509, 511 ]
258 silly gunzTarPerm extractEntry doc/buffers.md
259 silly gunzTarPerm modified mode [ 'doc/buffers.md', 436, 438 ]
260 silly gunzTarPerm extractEntry doc/callback.md
261 silly gunzTarPerm modified mode [ 'doc/callback.md', 436, 438 ]
262 silly gentlyRm C:\Users\Chanawatn Pound\WebstormProjects\MEAN-SEBA2\node_modules\.staging\bindings-55f3e90b\node_modules is being purged
263 verbose gentlyRm don't care about contents; nuking C:\Users\Chanawatn Pound\WebstormProjects\MEAN-SEBA2\node_modules\.staging\bindings-55f3e90b\node_modules
264 silly gunzTarPerm extractEntry doc/converters.md
265 silly gunzTarPerm modified mode [ 'doc/converters.md', 436, 438 ]
266 silly gunzTarPerm extractEntry doc/errors.md
267 silly gunzTarPerm modified mode [ 'doc/errors.md', 436, 438 ]
268 silly gunzTarPerm extractEntry doc/maybe_types.md
269 silly gunzTarPerm modified mode [ 'doc/maybe_types.md', 436, 438 ]
270 silly gunzTarPerm extractEntry doc/methods.md
271 silly gunzTarPerm modified mode [ 'doc/methods.md', 436, 438 ]
272 silly gunzTarPerm extractEntry doc/asyncworker.md
273 silly gunzTarPerm modified mode [ 'doc/asyncworker.md', 436, 438 ]
274 silly gunzTarPerm extractEntry doc/node_misc.md
275 silly gunzTarPerm modified mode [ 'doc/node_misc.md', 436, 438 ]
276 silly gunzTarPerm extractEntry doc/object_wrappers.md
277 silly gunzTarPerm modified mode [ 'doc/object_wrappers.md', 436, 438 ]
278 silly gunzTarPerm extractEntry doc/persistent.md
279 silly gunzTarPerm modified mode [ 'doc/persistent.md', 436, 438 ]
280 silly gunzTarPerm extractEntry doc/scopes.md
281 silly gunzTarPerm modified mode [ 'doc/scopes.md', 436, 438 ]
282 silly gunzTarPerm extractEntry doc/script.md
283 silly gunzTarPerm modified mode [ 'doc/script.md', 436, 438 ]
284 silly gunzTarPerm extractEntry doc/string_bytes.md
285 silly gunzTarPerm modified mode [ 'doc/string_bytes.md', 436, 438 ]
286 silly gunzTarPerm extractEntry doc/v8_internals.md
287 silly gunzTarPerm modified mode [ 'doc/v8_internals.md', 436, 438 ]
288 silly gunzTarPerm extractEntry doc/v8_misc.md
289 silly gunzTarPerm modified mode [ 'doc/v8_misc.md', 436, 438 ]
290 silly gunzTarPerm extractEntry nan.h
291 silly gunzTarPerm modified mode [ 'nan.h', 436, 438 ]
292 silly gunzTarPerm extractEntry nan_callbacks.h
293 silly gunzTarPerm modified mode [ 'nan_callbacks.h', 436, 438 ]
294 silly gunzTarPerm extractEntry nan_callbacks_12_inl.h
295 silly gunzTarPerm modified mode [ 'nan_callbacks_12_inl.h', 436, 438 ]
296 silly gunzTarPerm extractEntry nan_callbacks_pre_12_inl.h
297 silly gunzTarPerm modified mode [ 'nan_callbacks_pre_12_inl.h', 436, 438 ]
298 silly gunzTarPerm extractEntry nan_converters_43_inl.h
299 silly gunzTarPerm modified mode [ 'nan_converters_43_inl.h', 436, 438 ]
300 silly gunzTarPerm extractEntry nan_converters_pre_43_inl.h
301 silly gunzTarPerm modified mode [ 'nan_converters_pre_43_inl.h', 436, 438 ]
302 silly gunzTarPerm extractEntry nan_implementation_12_inl.h
303 silly gunzTarPerm modified mode [ 'nan_implementation_12_inl.h', 436, 438 ]
304 silly gunzTarPerm extractEntry nan_implementation_pre_12_inl.h
305 silly gunzTarPerm modified mode [ 'nan_implementation_pre_12_inl.h', 436, 438 ]
306 silly gunzTarPerm extractEntry nan_maybe_43_inl.h
307 silly gunzTarPerm modified mode [ 'nan_maybe_43_inl.h', 436, 438 ]
308 silly gunzTarPerm extractEntry nan_maybe_pre_43_inl.h
309 silly gunzTarPerm modified mode [ 'nan_maybe_pre_43_inl.h', 436, 438 ]
310 silly gunzTarPerm extractEntry nan_new.h
311 silly gunzTarPerm modified mode [ 'nan_new.h', 436, 438 ]
312 silly gunzTarPerm extractEntry nan_object_wrap.h
313 silly gunzTarPerm modified mode [ 'nan_object_wrap.h', 436, 438 ]
314 silly gunzTarPerm extractEntry nan_persistent_12_inl.h
315 silly gunzTarPerm modified mode [ 'nan_persistent_12_inl.h', 436, 438 ]
316 silly gunzTarPerm extractEntry nan_persistent_pre_12_inl.h
317 silly gunzTarPerm modified mode [ 'nan_persistent_pre_12_inl.h', 436, 438 ]
318 silly gunzTarPerm extractEntry nan_string_bytes.h
319 silly gunzTarPerm modified mode [ 'nan_string_bytes.h', 436, 438 ]
320 silly gunzTarPerm extractEntry nan_typedarray_contents.h
321 silly gunzTarPerm modified mode [ 'nan_typedarray_contents.h', 436, 438 ]
322 silly gunzTarPerm extractEntry nan_weak.h
323 silly gunzTarPerm modified mode [ 'nan_weak.h', 436, 438 ]
324 silly gentlyRm C:\Users\Chanawatn Pound\WebstormProjects\MEAN-SEBA2\node_modules\.staging\bcrypt-603a4476\node_modules is being purged
325 verbose gentlyRm don't care about contents; nuking C:\Users\Chanawatn Pound\WebstormProjects\MEAN-SEBA2\node_modules\.staging\bcrypt-603a4476\node_modules
326 silly gunzTarPerm extractEntry CHANGELOG.md
327 silly gunzTarPerm modified mode [ 'CHANGELOG.md', 436, 438 ]
328 silly gunzTarPerm extractEntry tools/package.json
329 silly gunzTarPerm modified mode [ 'tools/package.json', 436, 438 ]
330 silly gunzTarPerm extractEntry tools/README.md
331 silly gunzTarPerm modified mode [ 'tools/README.md', 436, 438 ]
332 silly gunzTarPerm extractEntry tools/1to2.js
333 silly gunzTarPerm modified mode [ 'tools/1to2.js', 509, 511 ]
334 silly gentlyRm C:\Users\Chanawatn Pound\WebstormProjects\MEAN-SEBA2\node_modules\.staging\nan-f85265b4\node_modules is being purged
335 verbose gentlyRm don't care about contents; nuking C:\Users\Chanawatn Pound\WebstormProjects\MEAN-SEBA2\node_modules\.staging\nan-f85265b4\node_modules
336 silly doParallel preinstall 3
337 silly preinstall bindings@1.2.1 C:\Users\Chanawatn Pound\WebstormProjects\MEAN-SEBA2\node_modules\.staging\bindings-55f3e90b
338 info lifecycle bindings@1.2.1~preinstall: bindings@1.2.1
339 silly preinstall nan@2.2.1 C:\Users\Chanawatn Pound\WebstormProjects\MEAN-SEBA2\node_modules\.staging\nan-f85265b4
340 info lifecycle nan@2.2.1~preinstall: nan@2.2.1
341 silly preinstall bcrypt@0.8.6 C:\Users\Chanawatn Pound\WebstormProjects\MEAN-SEBA2\node_modules\.staging\bcrypt-603a4476
342 info lifecycle bcrypt@0.8.6~preinstall: bcrypt@0.8.6
343 silly lifecycle bindings@1.2.1~preinstall: no script for preinstall, continuing
344 silly lifecycle nan@2.2.1~preinstall: no script for preinstall, continuing
345 silly lifecycle bcrypt@0.8.6~preinstall: no script for preinstall, continuing
346 silly doReverseSerial remove 0
347 silly doSerial move 0
348 silly doSerial finalize 3
349 silly finalize C:\Users\Chanawatn Pound\WebstormProjects\MEAN-SEBA2\node_modules\bindings
350 silly finalize C:\Users\Chanawatn Pound\WebstormProjects\MEAN-SEBA2\node_modules\nan
351 silly finalize C:\Users\Chanawatn Pound\WebstormProjects\MEAN-SEBA2\node_modules\bcrypt
352 silly doSerial build 3
353 silly build bindings@1.2.1
354 info linkStuff bindings@1.2.1
355 silly linkStuff bindings@1.2.1 has C:\Users\Chanawatn Pound\WebstormProjects\MEAN-SEBA2\node_modules as its parent node_modules
356 verbose linkBins bindings@1.2.1
357 verbose linkMans bindings@1.2.1
358 silly build nan@2.2.1
359 info linkStuff nan@2.2.1
360 silly linkStuff nan@2.2.1 has C:\Users\Chanawatn Pound\WebstormProjects\MEAN-SEBA2\node_modules as its parent node_modules
361 verbose linkBins nan@2.2.1
362 verbose linkMans nan@2.2.1
363 silly build bcrypt@0.8.6
364 info linkStuff bcrypt@0.8.6
365 silly linkStuff bcrypt@0.8.6 has C:\Users\Chanawatn Pound\WebstormProjects\MEAN-SEBA2\node_modules as its parent node_modules
366 verbose linkBins bcrypt@0.8.6
367 verbose linkMans bcrypt@0.8.6
368 silly doSerial global-link 0
369 silly doParallel update-linked 0
370 silly doSerial install 3
371 silly install bindings@1.2.1 C:\Users\Chanawatn Pound\WebstormProjects\MEAN-SEBA2\node_modules\.staging\bindings-55f3e90b
372 info lifecycle bindings@1.2.1~install: bindings@1.2.1
373 silly lifecycle bindings@1.2.1~install: no script for install, continuing
374 silly install nan@2.2.1 C:\Users\Chanawatn Pound\WebstormProjects\MEAN-SEBA2\node_modules\.staging\nan-f85265b4
375 info lifecycle nan@2.2.1~install: nan@2.2.1
376 silly lifecycle nan@2.2.1~install: no script for install, continuing
377 silly install bcrypt@0.8.6 C:\Users\Chanawatn Pound\WebstormProjects\MEAN-SEBA2\node_modules\.staging\bcrypt-603a4476
378 info lifecycle bcrypt@0.8.6~install: bcrypt@0.8.6
379 verbose lifecycle bcrypt@0.8.6~install: unsafe-perm in lifecycle true
380 verbose lifecycle bcrypt@0.8.6~install: PATH: C:\Users\Chanawatn Pound\AppData\Roaming\npm\node_modules\npm\bin\node-gyp-bin;C:\Users\Chanawatn Pound\WebstormProjects\MEAN-SEBA2\node_modules\bcrypt\node_modules\.bin;C:\Users\Chanawatn Pound\WebstormProjects\MEAN-SEBA2\node_modules\.bin;C:\Program Files\nodejs;C:\ProgramData\Oracle\Java\javapath;C:\Program Files (x86)\Intel\iCLS Client\;C:\Program Files\Intel\iCLS Client\;C:\Windows\system32;C:\Windows;C:\Windows\System32\Wbem;C:\Windows\System32\WindowsPowerShell\v1.0\;C:\Program Files\Intel\Intel(R) Management Engine Components\DAL;C:\Program Files (x86)\Intel\Intel(R) Management Engine Components\DAL;C:\Program Files\Intel\Intel(R) Management Engine Components\IPT;C:\Program Files (x86)\Intel\Intel(R) Management Engine Components\IPT;C:\opencv\build\x86\vc12\bin;C:\Program Files\Microsoft SQL Server\110\Tools\Binn\;C:\Program Files\Microsoft SQL Server\120\Tools\Binn\;C:\Program Files (x86)\QuickTime\QTSystem\;C:\cygnus\cygwin-b20\H-i586-cygwin32\bin;C:\Program Files\TortoiseSVN\bin;C:\WINDOWS\system32;C:\WINDOWS;C:\WINDOWS\System32\Wbem;C:\WINDOWS\System32\WindowsPowerShell\v1.0\;C:\Program Files (x86)\Brackets\command;C:\Program Files (x86)\NVIDIA Corporation\PhysX\Common;C:\Program Files\OpenVPN\bin;C:\Program Files (x86)\Skype\Phone\;C:\Program Files\Git\cmd;C:\Program Files\nodejs\;C:\Program Files\MongoDB\Server\3.2\bin;C:\Ruby23-x64\bin;C:\Users\Chanawatn Pound\AppData\Local\Programs\Python\Python35-32\Scripts\;C:\Users\Chanawatn Pound\AppData\Local\Programs\Python\Python35-32\;C:\Program Files (x86)\Microsoft VS Code\bin;C:\Users\Chanawatn Pound\AppData\Local\Programs\MiKTeX 2.9\miktex\bin\x64\;C:\Users\Chanawatn Pound\AppData\Roaming\npm;C:\Program Files\MongoDB\Server\3.2\bin
381 verbose lifecycle bcrypt@0.8.6~install: CWD: C:\Users\Chanawatn Pound\WebstormProjects\MEAN-SEBA2\node_modules\bcrypt
382 silly lifecycle bcrypt@0.8.6~install: Args: [ '/d /s /c', 'node-gyp rebuild' ]
383 silly lifecycle bcrypt@0.8.6~install: Returned: code: 1  signal: null
384 info lifecycle bcrypt@0.8.6~install: Failed to exec install script
385 verbose unlock done using C:\Users\Chanawatn Pound\AppData\Roaming\npm-cache\_locks\staging-5557f23f6605034f.lock for C:\Users\Chanawatn Pound\WebstormProjects\MEAN-SEBA2\node_modules\.staging
386 silly rollbackFailedOptional Starting
387 silly rollbackFailedOptional Finishing
388 silly runTopLevelLifecycles Starting
389 silly runTopLevelLifecycles Finishing
390 silly install printInstalled
391 warn MEAN-SEBA@1.0.0 No repository field.
392 verbose stack Error: bcrypt@0.8.6 install: `node-gyp rebuild`
392 verbose stack Exit status 1
392 verbose stack     at EventEmitter.<anonymous> (C:\Users\Chanawatn Pound\AppData\Roaming\npm\node_modules\npm\lib\utils\lifecycle.js:245:16)
392 verbose stack     at emitTwo (events.js:106:13)
392 verbose stack     at EventEmitter.emit (events.js:191:7)
392 verbose stack     at ChildProcess.<anonymous> (C:\Users\Chanawatn Pound\AppData\Roaming\npm\node_modules\npm\lib\utils\spawn.js:24:14)
392 verbose stack     at emitTwo (events.js:106:13)
392 verbose stack     at ChildProcess.emit (events.js:191:7)
392 verbose stack     at maybeClose (internal/child_process.js:850:16)
392 verbose stack     at Process.ChildProcess._handle.onexit (internal/child_process.js:215:5)
393 verbose pkgid bcrypt@0.8.6
394 verbose cwd C:\Users\Chanawatn Pound\WebstormProjects\MEAN-SEBA2
395 error Windows_NT 10.0.10586
396 error argv "C:\\Program Files\\nodejs\\node.exe" "C:\\Users\\Chanawatn Pound\\AppData\\Roaming\\npm\\node_modules\\npm\\bin\\npm-cli.js" "install" "bcrypt"
397 error node v6.1.0
398 error npm  v3.9.2
399 error code ELIFECYCLE
400 error bcrypt@0.8.6 install: `node-gyp rebuild`
400 error Exit status 1
401 error Failed at the bcrypt@0.8.6 install script 'node-gyp rebuild'.
401 error Make sure you have the latest version of node.js and npm installed.
401 error If you do, this is most likely a problem with the bcrypt package,
401 error not with npm itself.
401 error Tell the author that this fails on your system:
401 error     node-gyp rebuild
401 error You can get information on how to open an issue for this project with:
401 error     npm bugs bcrypt
401 error Or if that isn't available, you can get their info via:
401 error     npm owner ls bcrypt
401 error There is likely additional logging output above.
402 verbose exit [ 1, true ]
